#
# There is insufficient memory for the Java Runtime Environment to continue.
# Native memory allocation (mmap) failed to map 268435456 bytes for G1 virtual space
# Possible reasons:
#   The system is out of physical RAM or swap space
#   The process is running with CompressedOops enabled, and the Java Heap may be blocking the growth of the native heap
# Possible solutions:
#   Reduce memory load on the system
#   Increase physical memory or swap space
#   Check if swap backing store is full
#   Decrease Java heap size (-Xmx/-Xms)
#   Decrease number of Java threads
#   Decrease Java thread stack sizes (-Xss)
#   Set larger code cache with -XX:ReservedCodeCacheSize=
#   JVM is running with Zero Based Compressed Oops mode in which the Java heap is
#     placed in the first 32GB address space. The Java Heap base address is the
#     maximum limit for the native heap growth. Please use -XX:HeapBaseMinAddress
#     to set the Java Heap base and to place the Java Heap above 32GB virtual address.
# This output file may be truncated or incomplete.
#
#  Out of Memory Error (./open/src/hotspot/os/windows/os_windows.cpp:3472), pid=11508, tid=5352
#
# JRE version:  (15.0+36) (build )
# Java VM: Java HotSpot(TM) 64-Bit Server VM (15+36-1562, mixed mode, sharing, tiered, compressed oops, g1 gc, windows-amd64)
# No core dump will be written. Minidumps are not enabled by default on client versions of Windows
#

---------------  S U M M A R Y ------------

Command Line: -javaagent:E:\Programs\IntelliJ IDEA Community Edition 2020.2.2\lib\idea_rt.jar=4919:E:\Programs\IntelliJ IDEA Community Edition 2020.2.2\bin -Dfile.encoding=UTF-8 MainKt

Host: AMD Phenom(tm) II X2 545 Processor, 2 cores, 15G,  Windows 10 , 64 bit Build 19041 (10.0.19041.292)
Time: Wed Oct  7 05:28:39 2020 RTZ 7 (зима) elapsed time: 0.027116 seconds (0d 0h 0m 0s)

---------------  T H R E A D  ---------------

Current thread (0x000001b37df52510):  JavaThread "Unknown thread" [_thread_in_vm, id=5352, stack(0x000000a762000000,0x000000a762100000)]

Stack: [0x000000a762000000,0x000000a762100000]
Native frames: (J=compiled Java code, j=interpreted, Vv=VM code, C=native code)
V  [jvm.dll+0x629eaa]
V  [jvm.dll+0x780379]
V  [jvm.dll+0x781ad3]
V  [jvm.dll+0x782133]
V  [jvm.dll+0x2159d5]
V  [jvm.dll+0x627299]
V  [jvm.dll+0x61bdd5]
V  [jvm.dll+0x2cf96d]
V  [jvm.dll+0x2cf7d2]
V  [jvm.dll+0x2d57ac]
V  [jvm.dll+0x32523a]
V  [jvm.dll+0x324904]
V  [jvm.dll+0x2a68ea]
V  [jvm.dll+0x2a7a88]
V  [jvm.dll+0x75d0f1]
V  [jvm.dll+0x333af4]
V  [jvm.dll+0x73d816]
V  [jvm.dll+0x3b68e7]
V  [jvm.dll+0x3b8371]
C  [jli.dll+0x52fb]
C  [ucrtbase.dll+0x214c2]
C  [KERNEL32.DLL+0x16fd4]
C  [ntdll.dll+0x4cec1]


---------------  P R O C E S S  ---------------

Threads class SMR info:
_java_thread_list=0x00007ff9295c2fa0, length=0, elements={
}

Java Threads: ( => current thread )

Other Threads:
  0x000001b37bece870 GCTaskThread "GC Thread#0" [stack: 0x000000a762100000,0x000000a762200000] [id=12576]
  0x000001b37dfaf200 ConcurrentGCThread "G1 Main Marker" [stack: 0x000000a762200000,0x000000a762300000] [id=41100]
  0x000001b37dfafd80 ConcurrentGCThread "G1 Conc#0" [stack: 0x000000a762300000,0x000000a762400000] [id=3616]

[error occurred during error reporting (printing all threads), id 0xc0000005, EXCEPTION_ACCESS_VIOLATION (0xc0000005) at pc=0x00007ff928db77b7]

VM state: not at safepoint (not fully initialized)

VM Mutex/Monitor currently owned by a thread:  ([mutex/lock_event])
[0x000001b37df4f150] Heap_lock - owner thread: 0x000001b37df52510

Heap address: 0x0000000700000000, size: 4096 MB, Compressed Oops mode: Zero based, Oop shift amount: 3
CDS archive(s) mapped at: [0x0000000000000000-0x0000000000000000-0x0000000000000000), size 0, SharedBaseAddress: 0x0000000800000000, ArchiveRelocationMode: 0.
Narrow klass base: 0x0000000000000000, Narrow klass shift: 0, Narrow klass range: 0x0

Heap:
 garbage-first heap   total 262144K, used 0K [0x0000000700000000, 0x0000000800000000)
  region size 2048K, 0 young (0K), 0 survivors (0K)
 Metaspace       used 0K, capacity 0K, committed 0K, reserved 0K
  class space    used 0K, capacity 0K, committed 0K, reserved 0K

Heap Regions: E=young(eden), S=young(survivor), O=old, HS=humongous(starts), HC=humongous(continues), CS=collection set, F=free, OA=open archive, CA=closed archive, TAMS=top-at-mark-start (previous, next)

Card table byte_map: [0x000001b37e830000,0x000001b37f030000] _byte_map_base: 0x000001b37b030000

Marking Bits (Prev, Next): (CMBitMap*) 0x000001b37df9e8a0, (CMBitMap*) 0x000001b37df9e8e0
 Prev Bits: [0x000001b317160000, 0x000001b31b160000)
 Next Bits: [0x000001b31b160000, 0x000001b31f160000)

GC Heap History (0 events):
No events

Deoptimization events (0 events):
No events

Classes unloaded (0 events):
No events

Classes redefined (0 events):
No events

Internal exceptions (0 events):
No events

Events (1 events):
Event: 0.018 Loaded shared library C:\Program Files\Java\jdk-15\bin\java.dll


Dynamic libraries:
0x00007ff6a02b0000 - 0x00007ff6a02bf000 	C:\Program Files\Java\jdk-15\bin\java.exe
0x00007ff95dcd0000 - 0x00007ff95dec5000 	C:\WINDOWS\SYSTEM32\ntdll.dll
0x00007ff95c870000 - 0x00007ff95c92d000 	C:\WINDOWS\System32\KERNEL32.DLL
0x00007ff95b6d0000 - 0x00007ff95b997000 	C:\WINDOWS\System32\KERNELBASE.dll
0x00007ff95b9a0000 - 0x00007ff95baa0000 	C:\WINDOWS\System32\ucrtbase.dll
0x00007ff954040000 - 0x00007ff954058000 	C:\Program Files\Java\jdk-15\bin\jli.dll
0x00007ff95d6c0000 - 0x00007ff95d76a000 	C:\WINDOWS\System32\ADVAPI32.dll
0x00007ff95bf10000 - 0x00007ff95bfae000 	C:\WINDOWS\System32\msvcrt.dll
0x00007ff95cd50000 - 0x00007ff95cdeb000 	C:\WINDOWS\System32\sechost.dll
0x00007ff95cc20000 - 0x00007ff95cd44000 	C:\WINDOWS\System32\RPCRT4.dll
0x00007ff95bd70000 - 0x00007ff95bf10000 	C:\WINDOWS\System32\USER32.dll
0x00007ff95b410000 - 0x00007ff95b432000 	C:\WINDOWS\System32\win32u.dll
0x00007ff95bd30000 - 0x00007ff95bd5a000 	C:\WINDOWS\System32\GDI32.dll
0x00007ff95baa0000 - 0x00007ff95bba9000 	C:\WINDOWS\System32\gdi32full.dll
0x00007ff95b630000 - 0x00007ff95b6cd000 	C:\WINDOWS\System32\msvcp_win.dll
0x00007ff954060000 - 0x00007ff954079000 	C:\Program Files\Java\jdk-15\bin\VCRUNTIME140.dll
0x00007ff93c730000 - 0x00007ff93c9cb000 	C:\WINDOWS\WinSxS\amd64_microsoft.windows.common-controls_6595b64144ccf1df_6.0.19041.488_none_ca04af081b815d21\COMCTL32.dll
0x00007ff955920000 - 0x00007ff95592a000 	C:\WINDOWS\SYSTEM32\VERSION.dll
0x00007ff95c930000 - 0x00007ff95c960000 	C:\WINDOWS\System32\IMM32.DLL
0x00007ff952430000 - 0x00007ff95243c000 	C:\Program Files\Java\jdk-15\bin\vcruntime140_1.dll
0x00007ff93a9f0000 - 0x00007ff93aa81000 	C:\Program Files\Java\jdk-15\bin\msvcp140.dll
0x00007ff928b00000 - 0x00007ff92965c000 	C:\Program Files\Java\jdk-15\bin\server\jvm.dll
0x00007ff95cb30000 - 0x00007ff95cb38000 	C:\WINDOWS\System32\PSAPI.DLL
0x00007ff932b30000 - 0x00007ff932b39000 	C:\WINDOWS\SYSTEM32\WSOCK32.dll
0x00007ff95d650000 - 0x00007ff95d6bb000 	C:\WINDOWS\System32\WS2_32.dll
0x00007ff94eb10000 - 0x00007ff94eb37000 	C:\WINDOWS\SYSTEM32\WINMM.dll
0x00007ff959250000 - 0x00007ff959263000 	C:\WINDOWS\SYSTEM32\kernel.appcore.dll
0x00007ff952350000 - 0x00007ff95235a000 	C:\Program Files\Java\jdk-15\bin\jimage.dll
0x00007ff954330000 - 0x00007ff954514000 	C:\WINDOWS\SYSTEM32\DBGHELP.DLL
0x00007ff954300000 - 0x00007ff95432c000 	C:\WINDOWS\SYSTEM32\dbgcore.DLL
0x00007ff95bbb0000 - 0x00007ff95bc2f000 	C:\WINDOWS\System32\bcryptPrimitives.dll
0x00007ff9540e0000 - 0x00007ff9540ee000 	C:\Program Files\Java\jdk-15\bin\instrument.dll
0x00007ff94ba10000 - 0x00007ff94ba35000 	C:\Program Files\Java\jdk-15\bin\java.dll

dbghelp: loaded successfully - version: 4.0.5 - missing functions: none
symbol engine: initialized successfully - sym options: 0x614 - pdb path: .;C:\Program Files\Java\jdk-15\bin;C:\WINDOWS\SYSTEM32;C:\WINDOWS\WinSxS\amd64_microsoft.windows.common-controls_6595b64144ccf1df_6.0.19041.488_none_ca04af081b815d21;C:\Program Files\Java\jdk-15\bin\server

VM Arguments:
jvm_args: -javaagent:E:\Programs\IntelliJ IDEA Community Edition 2020.2.2\lib\idea_rt.jar=4919:E:\Programs\IntelliJ IDEA Community Edition 2020.2.2\bin -Dfile.encoding=UTF-8 
java_command: MainKt
java_class_path (initial): C:\Users\Влад\IdeaProjects\Rabbits\out\production\Rabbits;E:\Programs\IntelliJ IDEA Community Edition 2020.2.2\plugins\Kotlin\kotlinc\lib\kotlin-stdlib.jar;E:\Programs\IntelliJ IDEA Community Edition 2020.2.2\plugins\Kotlin\kotlinc\lib\kotlin-reflect.jar;E:\Programs\IntelliJ IDEA Community Edition 2020.2.2\plugins\Kotlin\kotlinc\lib\kotlin-test.jar;E:\Programs\IntelliJ IDEA Community Edition 2020.2.2\plugins\Kotlin\kotlinc\lib\kotlin-stdlib-jdk7.jar;E:\Programs\IntelliJ IDEA Community Edition 2020.2.2\plugins\Kotlin\kotlinc\lib\kotlin-stdlib-jdk8.jar
Launcher Type: SUN_STANDARD

[Global flags]
     intx CICompilerCount                          = 2                                         {product} {ergonomic}
     uint ConcGCThreads                            = 1                                         {product} {ergonomic}
     uint G1ConcRefinementThreads                  = 2                                         {product} {ergonomic}
   size_t G1HeapRegionSize                         = 2097152                                   {product} {ergonomic}
    uintx GCDrainStackTargetSize                   = 64                                        {product} {ergonomic}
   size_t InitialHeapSize                          = 268435456                                 {product} {ergonomic}
   size_t MarkStackSize                            = 4194304                                   {product} {ergonomic}
   size_t MaxHeapSize                              = 4294967296                                {product} {ergonomic}
   size_t MinHeapDeltaBytes                        = 2097152                                   {product} {ergonomic}
   size_t MinHeapSize                              = 8388608                                   {product} {ergonomic}
    uintx NonNMethodCodeHeapSize                   = 5826188                                {pd product} {ergonomic}
    uintx NonProfiledCodeHeapSize                  = 122916026                              {pd product} {ergonomic}
    uintx ProfiledCodeHeapSize                     = 122916026                              {pd product} {ergonomic}
    uintx ReservedCodeCacheSize                    = 251658240                              {pd product} {ergonomic}
     bool SegmentedCodeCache                       = true                                      {product} {ergonomic}
   size_t SoftMaxHeapSize                          = 4294967296                             {manageable} {ergonomic}
     bool UseCompressedClassPointers               = true                                 {lp64_product} {ergonomic}
     bool UseCompressedOops                        = true                                 {lp64_product} {ergonomic}
     bool UseG1GC                                  = true                                      {product} {ergonomic}
     bool UseLargePagesIndividualAllocation        = false                                  {pd product} {ergonomic}

Logging:
Log output configuration:
 #0: stdout all=warning uptime,level,tags
 #1: stderr all=off uptime,level,tags

Environment Variables:
PATH=C:\Program Files\Common Files\Oracle\Java\javapath;C:\WINDOWS\system32;C:\WINDOWS;C:\WINDOWS\System32\Wbem;C:\WINDOWS\System32\WindowsPowerShell\v1.0\;C:\WINDOWS\System32\OpenSSH\;C:\Program Files\Docker\Docker\resources\bin;C:\ProgramData\DockerDesktop\version-bin;C:\xampp\php;C:\ProgramData\ComposerSetup\bin;C:\Program Files\nodejs\;C:\Users\Влад\AppData\Local\Microsoft\WindowsApps;C:\Users\Влад\AppData\Roaming\Composer\vendor\bin;C:\Users\Влад\AppData\Roaming\npm;E:\Programs\Microsoft VS Code\bin
USERNAME=Влад
OS=Windows_NT
PROCESSOR_IDENTIFIER=AMD64 Family 16 Model 4 Stepping 2, AuthenticAMD



---------------  S Y S T E M  ---------------

OS:
 Windows 10 , 64 bit Build 19041 (10.0.19041.292)
OS uptime: 18 days 10:02 hours
HyperV virtualization detected

CPU: total 2 (initial active 2) (2 cores per cpu, 1 threads per core) family 16 model 4 stepping 2, cmov, cx8, fxsr, mmx, sse, sse2, sse3, popcnt, 3dnowpref, lzcnt, sse4a, tsc, tscinvbit, tscinv, clflush

Memory: 4k page, system-wide physical 16383M (4175M free)
TotalPageFile size 21383M (AvailPageFile size 73M)
current process WorkingSet (physical memory assigned to process): 10M, peak: 10M
current process commit charge ("private bytes"): 47M, peak: 303M

vm_info: Java HotSpot(TM) 64-Bit Server VM (15+36-1562) for windows-amd64 JRE (15+36-1562), built on Aug 11 2020 22:38:02 by "mach5one" with unknown MS VC++:1925

END.
